Build started 2015-07-30 21:39:33.
     1>Project "C:\Users\Szymon\Documents\Visual Studio 2013\Projects\supermarket\Sklep\Sklep.vcxproj" on node 2 (Build target(s)).
     1>ClCompile:
         C:\Program Files (x86)\Microsoft Visual Studio 12.0\VC\bin\CL.exe /c /ZI /nologo /W3 /WX- /sdl /Od /Oy- /D WIN32 /D _DEBUG /D _CONSOLE /D _LIB /D _UNICODE /D UNICODE /Gm /EHsc /RTC1 /MDd /GS /fp:precise /Zc:wchar_t /Zc:forScope /Yc"stdafx.h" /Fp"Debug\Sklep.pch" /Fo"Debug\\" /Fd"Debug\vc120.pdb" /Gd /TP /analyze- /errorReport:prompt stdafx.cpp
         stdafx.cpp
         C:\Program Files (x86)\Microsoft Visual Studio 12.0\VC\bin\CL.exe /c /ZI /nologo /W3 /WX- /sdl /Od /Oy- /D WIN32 /D _DEBUG /D _CONSOLE /D _LIB /D _UNICODE /D UNICODE /Gm /EHsc /RTC1 /MDd /GS /fp:precise /Zc:wchar_t /Zc:forScope /Yu"stdafx.h" /Fp"Debug\Sklep.pch" /Fo"Debug\\" /Fd"Debug\vc120.pdb" /Gd /TP /analyze- /errorReport:prompt add.cpp find.cpp show.cpp Sklep.cpp
         Sklep.cpp
         show.cpp
         find.cpp
         add.cpp
         Generating Code...
       Link:
         C:\Program Files (x86)\Microsoft Visual Studio 12.0\VC\bin\link.exe /ERRORREPORT:PROMPT /OUT:"C:\Users\Szymon\Documents\Visual Studio 2013\Projects\supermarket\Debug\Sklep.exe" /INCREMENTAL /NOLOGO kernel32.lib user32.lib gdi32.lib winspool.lib comdlg32.lib advapi32.lib shell32.lib ole32.lib oleaut32.lib uuid.lib odbc32.lib odbccp32.lib /MANIFEST /MANIFESTUAC:"level='asInvoker' uiAccess='false'" /manifest:embed /DEBUG /PDB:"C:\Users\Szymon\Documents\Visual Studio 2013\Projects\supermarket\Debug\Sklep.pdb" /SUBSYSTEM:CONSOLE /TLBID:1 /DYNAMICBASE /NXCOMPAT /IMPLIB:"C:\Users\Szymon\Documents\Visual Studio 2013\Projects\supermarket\Debug\Sklep.lib" /MACHINE:X86 Debug\add.obj
         Debug\find.obj
         Debug\show.obj
         Debug\Sklep.obj
         Debug\stdafx.obj
         LINK : C:\Users\Szymon\Documents\Visual Studio 2013\Projects\supermarket\Debug\Sklep.exe not found or not built by the last incremental link; performing full link
         Sklep.vcxproj -> C:\Users\Szymon\Documents\Visual Studio 2013\Projects\supermarket\Debug\Sklep.exe
     1>Done Building Project "C:\Users\Szymon\Documents\Visual Studio 2013\Projects\supermarket\Sklep\Sklep.vcxproj" (Build target(s)).

Build succeeded.

Time Elapsed 00:00:02.02
